Compiled jquery.js  (23ms)  (pid 16390)
Compiled jquery_ujs.js  (0ms)  (pid 16390)
Compiled twitter/bootstrap/bootstrap-transition.js  (1ms)  (pid 16390)
Compiled twitter/bootstrap/bootstrap-alert.js  (0ms)  (pid 16390)
Compiled twitter/bootstrap/bootstrap-modal.js  (0ms)  (pid 16390)
Compiled twitter/bootstrap/bootstrap-dropdown.js  (0ms)  (pid 16390)
Compiled twitter/bootstrap/bootstrap-scrollspy.js  (0ms)  (pid 16390)
Compiled twitter/bootstrap/bootstrap-tab.js  (0ms)  (pid 16390)
Compiled twitter/bootstrap/bootstrap-tooltip.js  (0ms)  (pid 16390)
Compiled twitter/bootstrap/bootstrap-popover.js  (0ms)  (pid 16390)
Compiled twitter/bootstrap/bootstrap-button.js  (0ms)  (pid 16390)
Compiled twitter/bootstrap/bootstrap-collapse.js  (0ms)  (pid 16390)
Compiled twitter/bootstrap/bootstrap-carousel.js  (0ms)  (pid 16390)
Compiled twitter/bootstrap/bootstrap-typeahead.js  (0ms)  (pid 16390)
Compiled twitter/bootstrap.js  (163ms)  (pid 16390)
Compiled bootstrap.js  (76ms)  (pid 16390)
Compiled contents.js  (1ms)  (pid 16390)
Compiled application.js  (324ms)  (pid 16390)
Compiled bootstrap_and_overrides.css  (600ms)  (pid 16390)
Compiled application.css  (606ms)  (pid 16390)
Compiled jquery.js  (27ms)  (pid 16390)
Compiled jquery_ujs.js  (0ms)  (pid 16390)
Compiled twitter/bootstrap/bootstrap-transition.js  (0ms)  (pid 16390)
Compiled twitter/bootstrap/bootstrap-alert.js  (0ms)  (pid 16390)
Compiled twitter/bootstrap/bootstrap-modal.js  (0ms)  (pid 16390)
Compiled twitter/bootstrap/bootstrap-dropdown.js  (0ms)  (pid 16390)
Compiled twitter/bootstrap/bootstrap-scrollspy.js  (0ms)  (pid 16390)
Compiled twitter/bootstrap/bootstrap-tab.js  (0ms)  (pid 16390)
Compiled twitter/bootstrap/bootstrap-tooltip.js  (0ms)  (pid 16390)
Compiled twitter/bootstrap/bootstrap-popover.js  (0ms)  (pid 16390)
Compiled twitter/bootstrap/bootstrap-button.js  (0ms)  (pid 16390)
Compiled twitter/bootstrap/bootstrap-collapse.js  (0ms)  (pid 16390)
Compiled twitter/bootstrap/bootstrap-carousel.js  (0ms)  (pid 16390)
Compiled twitter/bootstrap/bootstrap-typeahead.js  (0ms)  (pid 16390)
Compiled twitter/bootstrap.js  (145ms)  (pid 16390)
Compiled bootstrap.js  (80ms)  (pid 16390)
Compiled contents.js  (1ms)  (pid 16390)
Compiled application.js  (301ms)  (pid 16390)
Compiled bootstrap_and_overrides.css  (569ms)  (pid 16390)
Compiled application.css  (579ms)  (pid 16390)
Compiled jquery.js  (2ms)  (pid 24495)
Compiled jquery_ujs.js  (0ms)  (pid 24495)
Compiled twitter/bootstrap/bootstrap-transition.js  (0ms)  (pid 24495)
Compiled twitter/bootstrap/bootstrap-alert.js  (0ms)  (pid 24495)
Compiled twitter/bootstrap/bootstrap-modal.js  (0ms)  (pid 24495)
Compiled twitter/bootstrap/bootstrap-dropdown.js  (0ms)  (pid 24495)
Compiled twitter/bootstrap/bootstrap-scrollspy.js  (0ms)  (pid 24495)
Compiled twitter/bootstrap/bootstrap-tab.js  (0ms)  (pid 24495)
Compiled twitter/bootstrap/bootstrap-tooltip.js  (0ms)  (pid 24495)
Compiled twitter/bootstrap/bootstrap-popover.js  (0ms)  (pid 24495)
Compiled twitter/bootstrap/bootstrap-button.js  (0ms)  (pid 24495)
Compiled twitter/bootstrap/bootstrap-collapse.js  (0ms)  (pid 24495)
Compiled twitter/bootstrap/bootstrap-carousel.js  (0ms)  (pid 24495)
Compiled twitter/bootstrap/bootstrap-typeahead.js  (0ms)  (pid 24495)
Compiled twitter/bootstrap.js  (140ms)  (pid 24495)
Compiled bootstrap.js  (84ms)  (pid 24495)
Compiled contents.js  (0ms)  (pid 24495)
Compiled sessions.js  (0ms)  (pid 24495)
Compiled application.js  (294ms)  (pid 24495)
Compiled bootstrap_and_overrides.css  (590ms)  (pid 24495)
Compiled scaffolds.css  (11ms)  (pid 24495)
Compiled sessions.css  (1ms)  (pid 24495)
Compiled application.css  (618ms)  (pid 24495)
Compiled jquery.js  (2ms)  (pid 24495)
Compiled jquery_ujs.js  (0ms)  (pid 24495)
Compiled twitter/bootstrap/bootstrap-transition.js  (0ms)  (pid 24495)
Compiled twitter/bootstrap/bootstrap-alert.js  (0ms)  (pid 24495)
Compiled twitter/bootstrap/bootstrap-modal.js  (0ms)  (pid 24495)
Compiled twitter/bootstrap/bootstrap-dropdown.js  (0ms)  (pid 24495)
Compiled twitter/bootstrap/bootstrap-scrollspy.js  (0ms)  (pid 24495)
Compiled twitter/bootstrap/bootstrap-tab.js  (0ms)  (pid 24495)
Compiled twitter/bootstrap/bootstrap-tooltip.js  (0ms)  (pid 24495)
Compiled twitter/bootstrap/bootstrap-popover.js  (0ms)  (pid 24495)
Compiled twitter/bootstrap/bootstrap-button.js  (0ms)  (pid 24495)
Compiled twitter/bootstrap/bootstrap-collapse.js  (0ms)  (pid 24495)
Compiled twitter/bootstrap/bootstrap-carousel.js  (0ms)  (pid 24495)
Compiled twitter/bootstrap/bootstrap-typeahead.js  (0ms)  (pid 24495)
Compiled twitter/bootstrap.js  (95ms)  (pid 24495)
Compiled bootstrap.js  (55ms)  (pid 24495)
Compiled contents.js  (0ms)  (pid 24495)
Compiled sessions.js  (0ms)  (pid 24495)
Compiled application.js  (210ms)  (pid 24495)
Compiled bootstrap_and_overrides.css  (440ms)  (pid 24495)
Compiled scaffolds.css  (13ms)  (pid 24495)
Compiled sessions.css  (2ms)  (pid 24495)
Compiled application.css  (498ms)  (pid 24495)
Compiled jquery.js  (1ms)  (pid 39987)
Compiled jquery_ujs.js  (0ms)  (pid 39987)
Compiled twitter/bootstrap/bootstrap-transition.js  (0ms)  (pid 39987)
Compiled twitter/bootstrap/bootstrap-alert.js  (0ms)  (pid 39987)
Compiled twitter/bootstrap/bootstrap-modal.js  (0ms)  (pid 39987)
Compiled twitter/bootstrap/bootstrap-dropdown.js  (0ms)  (pid 39987)
Compiled twitter/bootstrap/bootstrap-scrollspy.js  (0ms)  (pid 39987)
Compiled twitter/bootstrap/bootstrap-tab.js  (0ms)  (pid 39987)
Compiled twitter/bootstrap/bootstrap-tooltip.js  (0ms)  (pid 39987)
Compiled twitter/bootstrap/bootstrap-popover.js  (0ms)  (pid 39987)
Compiled twitter/bootstrap/bootstrap-button.js  (0ms)  (pid 39987)
Compiled twitter/bootstrap/bootstrap-collapse.js  (0ms)  (pid 39987)
Compiled twitter/bootstrap/bootstrap-carousel.js  (0ms)  (pid 39987)
Compiled twitter/bootstrap/bootstrap-typeahead.js  (0ms)  (pid 39987)
Compiled twitter/bootstrap.js  (117ms)  (pid 39987)
Compiled bootstrap.js  (74ms)  (pid 39987)
Compiled contents.js  (0ms)  (pid 39987)
Compiled sessions.js  (0ms)  (pid 39987)
Compiled application.js  (257ms)  (pid 39987)
Compiled bootstrap_and_overrides.css  (554ms)  (pid 39987)
Compiled scaffolds.css  (12ms)  (pid 39987)
Compiled sessions.css  (1ms)  (pid 39987)
Compiled application.css  (582ms)  (pid 39987)
Compiled jquery.js  (2ms)  (pid 39987)
Compiled jquery_ujs.js  (0ms)  (pid 39987)
Compiled twitter/bootstrap/bootstrap-transition.js  (0ms)  (pid 39987)
Compiled twitter/bootstrap/bootstrap-alert.js  (0ms)  (pid 39987)
Compiled twitter/bootstrap/bootstrap-modal.js  (0ms)  (pid 39987)
Compiled twitter/bootstrap/bootstrap-dropdown.js  (0ms)  (pid 39987)
Compiled twitter/bootstrap/bootstrap-scrollspy.js  (0ms)  (pid 39987)
Compiled twitter/bootstrap/bootstrap-tab.js  (0ms)  (pid 39987)
Compiled twitter/bootstrap/bootstrap-tooltip.js  (0ms)  (pid 39987)
Compiled twitter/bootstrap/bootstrap-popover.js  (0ms)  (pid 39987)
Compiled twitter/bootstrap/bootstrap-button.js  (0ms)  (pid 39987)
Compiled twitter/bootstrap/bootstrap-collapse.js  (0ms)  (pid 39987)
Compiled twitter/bootstrap/bootstrap-carousel.js  (0ms)  (pid 39987)
Compiled twitter/bootstrap/bootstrap-typeahead.js  (0ms)  (pid 39987)
Compiled twitter/bootstrap.js  (95ms)  (pid 39987)
Compiled bootstrap.js  (55ms)  (pid 39987)
Compiled contents.js  (0ms)  (pid 39987)
Compiled sessions.js  (0ms)  (pid 39987)
Compiled application.js  (212ms)  (pid 39987)
Compiled bootstrap_and_overrides.css  (529ms)  (pid 39987)
Compiled scaffolds.css  (16ms)  (pid 39987)
Compiled sessions.css  (2ms)  (pid 39987)
Compiled application.css  (610ms)  (pid 39987)
